<?xml version="1.0" encoding="UTF-8"?>
<!-- Generated by org.testng.reporters.JUnitXMLReporter -->
<testsuite hostname="NodeJS-REST" ignored="0" name="Test" tests="16" failures="2" timestamp="21 Sep 2018 06:41:45 GMT" time="15.643" errors="0">
  <testcase name="getTime" time="3.66" classname="com.restassuredtraining.com.Assertions"/>
  <testcase name="jsonPathAssetion" time="1.486" classname="com.restassuredtraining.com.Assertions"/>
  <testcase name="readCookie" time="0.846" classname="com.restassuredtraining.com.Assertions"/>
  <testcase name="readHeaders" time="1.291" classname="com.restassuredtraining.com.Assertions"/>
  <testcase name="statusCode" time="0.296" classname="com.restassuredtraining.com.Assertions"/>
  <testcase name="validateSchme" time="0.876" classname="com.restassuredtraining.com.Assertions">
    <failure type="java.lang.IllegalArgumentException" message="Schema to use cannot be null">
      <![CDATA[java.lang.IllegalArgumentException: Schema to use cannot be null
at io.restassured.module.jsv.JsonSchemaValidator.validateSchemaIsNotNull(JsonSchemaValidator.java:270)
at io.restassured.module.jsv.JsonSchemaValidator.access$300(JsonSchemaValidator.java:75)
at io.restassured.module.jsv.JsonSchemaValidator$JsonSchemaValidatorFactory.create(JsonSchemaValidator.java:281)
at io.restassured.module.jsv.JsonSchemaValidator.matchesJsonSchema(JsonSchemaValidator.java:166)
at io.restassured.module.jsv.JsonSchemaValidator.matchesJsonSchemaInClasspath(JsonSchemaValidator.java:117)
at com.restassuredtraining.com.Assertions.validateSchme(Assertions.java:125)
... Removed 25 stack frames]]>
    </failure>
  </testcase> <!-- validateSchme -->
  <testcase name="validateDB" time="0.888" classname="com.restassuredtraining.com.JDBC"/>
  <testcase name="assertJSONSchema" time="1.574" classname="com.restassuredtraining.com.validateJSONSchema"/>
  <testcase name="assertJSONSchema" time="0.471" classname="com.restassuredtraining.com.validateXSDSchema"/>
  <testcase name="basicAuthorization" time="1.036" classname="com.restassuredtraining.com.basicAuth"/>
  <testcase name="getRequest" time="1.42" classname="com.restassuredtraining.com.GetRequest">
    <failure type="java.lang.AssertionError" message="1 expectation failed.
Expected status code &amp;lt;300&amp;gt; but was &amp;lt;200&amp;gt;.
">
      <![CDATA[java.lang.AssertionError: 1 expectation failed.
Expected status code <300> but was <200>.

at org.codehaus.groovy.runtime.callsite.ConstructorSite$ConstructorSiteNoUnwrap.callConstructor(ConstructorSite.java:84)
at org.codehaus.groovy.runtime.callsite.CallSiteArray.defaultCallConstructor(CallSiteArray.java:60)
at org.codehaus.groovy.runtime.callsite.AbstractCallSite.callConstructor(AbstractCallSite.java:235)
at org.codehaus.groovy.runtime.callsite.AbstractCallSite.callConstructor(AbstractCallSite.java:247)
at io.restassured.internal.ResponseSpecificationImpl$HamcrestAssertionClosure.validate(ResponseSpecificationImpl.groovy:483)
at io.restassured.internal.ResponseSpecificationImpl$HamcrestAssertionClosure$validate$1.call(Unknown Source)
at io.restassured.internal.ResponseSpecificationImpl.validateResponseIfRequired(ResponseSpecificationImpl.groovy:655)
at org.codehaus.groovy.runtime.callsite.PogoMetaMethodSite$PogoCachedMethodSiteNoUnwrapNoCoerce.invoke(PogoMetaMethodSite.java:210)
at org.codehaus.groovy.runtime.callsite.PogoMetaMethodSite.callCurrent(PogoMetaMethodSite.java:59)
at org.codehaus.groovy.runtime.callsite.AbstractCallSite.callCurrent(AbstractCallSite.java:166)
at io.restassured.internal.ResponseSpecificationImpl.statusCode(ResponseSpecificationImpl.groovy:123)
at io.restassured.specification.ResponseSpecification$statusCode$2.callCurrent(Unknown Source)
at io.restassured.internal.ResponseSpecificationImpl.statusCode(ResponseSpecificationImpl.groovy:131)
at io.restassured.internal.ValidatableResponseOptionsImpl.statusCode(ValidatableResponseOptionsImpl.java:119)
at com.restassuredtraining.com.GetRequest.getRequest(GetRequest.java:23)
... Removed 35 stack frames]]>
    </failure>
  </testcase> <!-- getRequest -->
  <testcase name="dataDrivenTesting" time="0.295" classname="com.restassuredtraining.com.DataDrivenTest"/>
  <testcase name="dataDrivenTesting" time="0.281" classname="com.restassuredtraining.com.DataDrivenTest"/>
  <testcase name="dataDrivenTesting" time="0.302" classname="com.restassuredtraining.com.DataDrivenTest"/>
  <testcase name="specificationBuilder1" time="0.338" classname="com.restassuredtraining.com.SpecBuilder"/>
  <testcase name="specificationBuilder2" time="0.43" classname="com.restassuredtraining.com.SpecBuilder"/>
</testsuite> <!-- Test -->
